<?xml version="1.0" encoding="UTF-8"?>
<!-- Generated by org.testng.reporters.JUnitReportReporter -->
<testsuite hostname="C40LAP-12928" name="testpackage.MavenTest1" tests="1" failures="0" timestamp="16 Dec 2021 10:57:31 GMT" time="3.857" errors="0">
  <testcase name="test" time="3.857" classname="testpackage.MavenTest1"/>
</testsuite> <!-- testpackage.MavenTest1 -->
