<?xml version="1.0" encoding="UTF-8"?>
<!-- Generated by org.testng.reporters.JUnitReportReporter -->
<testsuite hostname="C40LAP-12928" name="testpackage.EdgeTest" tests="1" failures="0" timestamp="20 Dec 2021 04:29:08 GMT" time="6.475" errors="0">
  <testcase name="test" time="6.475" classname="testpackage.EdgeTest"/>
</testsuite> <!-- testpackage.EdgeTest -->
