<?xml version="1.0" encoding="UTF-8"?>
<!-- Generated by org.testng.reporters.JUnitReportReporter -->
<testsuite hostname="C40LAP-12928" name="testpackage.EdgeTest" tests="1" failures="0" timestamp="16 Dec 2021 10:57:31 GMT" time="10.792" errors="0">
  <testcase name="test" time="10.792" classname="testpackage.EdgeTest"/>
</testsuite> <!-- testpackage.EdgeTest -->
